TN:
SF:src\modules\appointments\services\CreateApService.ts
FN:16,(anonymous_5)
FN:21,(anonymous_6)
FNF:2
FNH:2
FNDA:2,(anonymous_5)
FNDA:3,(anonymous_6)
DA:1,1
DA:2,1
DA:3,1
DA:4,1
DA:14,1
DA:18,2
DA:23,3
DA:25,3
DA:27,3
DA:28,1
DA:31,2
DA:36,2
DA:42,1
LF:13
LH:13
BRDA:27,0,0,1
BRF:1
BRH:1
end_of_record
TN:
SF:src\modules\users\services\AuthenticateUserService.ts
FN:22,(anonymous_5)
FN:27,(anonymous_6)
FNF:2
FNH:2
FNDA:2,(anonymous_5)
FNDA:2,(anonymous_6)
DA:1,2
DA:2,2
DA:3,2
DA:4,2
DA:5,2
DA:7,2
DA:21,2
DA:24,2
DA:29,2
DA:32,2
DA:33,1
DA:37,1
DA:40,1
DA:41,1
DA:45,0
DA:48,0
DA:53,0
DA:60,2
LF:18
LH:15
BRDA:32,0,0,1
BRDA:40,1,0,1
BRF:2
BRH:2
end_of_record
TN:
SF:src\modules\users\services\CreateUserService.ts
FN:17,(anonymous_5)
FN:24,(anonymous_6)
FNF:2
FNH:2
FNDA:3,(anonymous_5)
FNDA:4,(anonymous_6)
DA:1,2
DA:2,2
DA:4,2
DA:15,2
DA:19,3
DA:21,3
DA:27,4
DA:29,4
DA:30,1
DA:33,3
DA:36,3
DA:43,3
DA:47,2
LF:13
LH:13
BRDA:29,0,0,1
BRF:1
BRH:1
end_of_record
TN:
SF:src\modules\users\services\UpdateUserAvatarService.ts
FN:18,(anonymous_5)
FN:23,(anonymous_6)
FNF:2
FNH:0
FNDA:0,(anonymous_5)
FNDA:0,(anonymous_6)
DA:1,0
DA:2,0
DA:3,0
DA:4,0
DA:5,0
DA:7,0
DA:16,0
DA:20,0
DA:26,0
DA:29,0
DA:30,0
DA:34,0
DA:36,0
DA:39,0
DA:42,0
DA:43,0
DA:47,0
DA:49,0
DA:51,0
DA:56,0
LF:20
LH:0
BRDA:29,0,0,0
BRDA:34,1,0,0
BRDA:42,2,0,0
BRF:3
BRH:0
end_of_record
